2021-12-24 02:13:01.279808 - Command raised an exception: InteractionNotResponded: This interaction hasn't been responded to yet
2021-12-24 02:13:54.527252 - Command raised an exception: InteractionNotResponded: This interaction hasn't been responded to yet
2021-12-24 02:15:04.817652 - Command raised an exception: InteractionNotResponded: This interaction hasn't been responded to yet
2021-12-24 02:05:20.728460 - Command raised an exception: AttributeError: '_RequestContextManager' object has no attribute 'content'
2021-12-24 12:37:06.936592 - Command raised an exception: AttributeError: 'NoneType' object has no attribute 'get_channel'
2022-03-02 12:59:55.508817 - Command raised an exception: HTTPException: 400 Bad Request (error code: 50035): Invalid Form Body
In components.1.components.2.custom_id: Component custom id cannot be duplicated
2022-03-02 13:12:13.019482 - Command raised an exception: InteractionNotResponded: This interaction hasn't been responded to yet
2022-03-31 10:22:11.135095 - Command raised an exception: IndexError: list index out of range
2022-03-31 10:37:39.829247 - Command raised an exception: IndexError: list index out of range
2022-03-31 10:38:02.949031 - Command raised an exception: IndexError: list index out of range
2022-03-31 10:38:52.910969 - Command raised an exception: KeyError: 'Tow Car Company LS'
2022-03-31 10:43:07.828135 - Command raised an exception: KeyError: 'Tow Car Company LS'
2022-03-31 10:44:33.510912 - Command raised an exception: KeyError: 'Tow Car Company LS'
2022-03-31 10:45:54.967988 - Command raised an exception: KeyError: 'Tow Car Company LS'
2022-03-31 10:46:57.582385 - Command raised an exception: HTTPException: 400 Bad Request (error code: 50035): Invalid Form Body
In components.0.components.0.options: Must be between 1 and 25 in length.
2022-03-31 11:03:29.566112 - Command raised an exception: HTTPException: 400 Bad Request (error code: 50035): Invalid Form Body
In components.0.components.0.options: Must be between 1 and 25 in length.
2022-03-31 11:04:29.382608 - Command raised an exception: KeyError: 'D'
2022-03-31 11:05:06.658068 - Command raised an exception: ValueError: too many values to unpack (expected 2)
2022-04-07 10:22:56.677651 - Command raised an exception: ValueError: too many values to unpack (expected 2)
2022-04-07 10:24:44.919690 - Command raised an exception: ValueError: too many values to unpack (expected 2)
2022-04-07 10:25:09.312784 - Command raised an exception: ValueError: too many values to unpack (expected 2)
2022-04-07 10:26:19.203992 - Command raised an exception: ValueError: too many values to unpack (expected 2)
2022-04-07 10:36:12.885679 - Command raised an exception: TypeError: __init__() missing 1 required positional argument: 'index'
2022-04-21 20:15:49.032801 - Command raised an exception: TypeError: edit_original_message() takes 1 positional argument but 2 were given
2022-04-24 17:13:58.975055 - Command raised an exception: ValueError: too many values to unpack (expected 2)
2022-04-24 17:22:15.372809 - Command raised an exception: TypeError: __init__() got an unexpected keyword argument 'name'
2022-08-20 21:52:02.810686 - Command raised an exception: NameError: name 'soup2' is not defined
2022-08-20 21:53:09.974511 - Command raised an exception: NameError: name 'scrape_panou' is not defined
2022-08-20 21:53:20.084436 - Command raised an exception: NameError: name 'scrape_panou' is not defined
2022-08-23 22:57:40.470767 - Command raised an exception: IndexError: list index out of range
2022-08-23 22:59:40.521691 - Command raised an exception: IndexError: list index out of range
2022-08-23 23:04:29.972991 - Command raised an exception: IndexError: list index out of range
2022-08-23 23:20:50.291183 - Command raised an exception: NameError: name 'scrape_panou' is not defined
2022-08-23 23:22:22.992933 - Command raised an exception: NameError: name 'scrape_panou' is not defined
2022-08-23 23:23:59.566323 - Command raised an exception: NameError: name 'scrape_panou' is not defined
2022-08-23 23:24:12.174616 - Command raised an exception: NameError: name 'scrape_panou' is not defined
2022-08-23 23:24:33.410097 - Command raised an exception: NameError: name 'scrape_panou' is not defined
2022-08-23 23:26:25.967641 - Command raised an exception: TypeError: 'in <string>' requires string as left operand, not bool
2022-08-23 23:28:10.585950 - Command raised an exception: NameError: name 'scrape_panou' is not defined
2022-08-23 23:29:22.026443 - Command raised an exception: NameError: name 'scrape_panou' is not defined
2022-08-23 23:30:09.923633 - Command raised an exception: NameError: name 'scrape_panou' is not defined
2022-08-23 23:37:56.856417 - Command raised an exception: NameError: name 'nickname' is not defined
2022-08-23 23:39:17.448486 - Command raised an exception: NameError: name 'nickname' is not defined
2022-08-23 23:39:31.538082 - Command raised an exception: TypeError: Expected disnake.Colour, int, or Embed.Empty but received method instead.
2022-08-23 23:39:56.682890 - Command raised an exception: TypeError: Expected disnake.Colour, int, or Embed.Empty but received method instead.
2022-08-24 22:01:30.435505 - Command raised an exception: NameError: name 'session' is not defined
2022-08-24 22:28:53.329349 - Command raised an exception: IndexError: list index out of range
2022-08-24 22:43:40.207621 - Command raised an exception: IndexError: list index out of range
2022-08-24 22:44:06.964687 - Command raised an exception: IndexError: list index out of range
2022-08-24 23:05:35.711990 - Command raised an exception: NameError: name 'helpers' is not defined
2022-08-25 14:28:34.560812 - Command raised an exception: AttributeError: 'InteractionResponse' object has no attribute 'error'
2022-08-25 15:00:59.353219 - Command raised an exception: TypeError: 'coroutine' object is not subscriptable
2022-08-30 22:44:54.832732 - Command raised an exception: TypeError: 'coroutine' object is not subscriptable
2022-08-30 22:45:01.533066 - Command raised an exception: TypeError: 'coroutine' object is not subscriptable
2022-08-30 22:46:30.912971 - Command raised an exception: TypeError: 'coroutine' object is not subscriptable
2022-08-30 23:02:08.329798 - Command raised an exception: NameError: name 'faction_name' is not defined
2022-08-30 23:02:32.995139 - Command raised an exception: AttributeError: 'Factions' object has no attribute 'faction_data_big'
2022-08-30 23:02:56.760373 - Command raised an exception: NameError: name 'faction_name' is not defined
2022-08-30 23:03:35.024164 - Command raised an exception: AttributeError: module 'datetime' has no attribute 'now'
2022-08-30 23:03:53.412991 - Command raised an exception: AttributeError: module 'datetime' has no attribute 'now'
2022-08-30 23:04:23.151852 - Command raised an exception: NameError: name 'MainMenu' is not defined
2022-08-30 23:05:03.094306 - Command raised an exception: NameError: name 'interaction' is not defined
2022-08-30 23:05:19.486890 - Command raised an exception: InteractionResponded: This interaction has already been responded to before
2022-08-30 23:15:18.060169 - Command raised an exception: NameError: name 'embed' is not defined
